Number of People in Station Queue Statistics

  timest
 variable       Time
  number       average          Maximum          Minimum
________________________________________________________

    1         7.06705          31.0000         0.000000 

    2         5.78842          17.0000         0.000000 

    3         10.0838          33.0000         0.000000 
________________________________________________________


Delay in Stations Statistics (in minutes)

 sampst                         Number
variable                          of
 number       Average           values          Maximum          Minimum
________________________________________________________________________

    9         30.1382          1120.00          101.804         0.000000 

   10         34.3858          804.000          124.038         0.000000 

   11         25.2262          1919.00          72.5929       0.00634576 
________________________________________________________________________


Bus Capacity Statistics

  timest
 variable       Time
  number       average          Maximum          Minimum
________________________________________________________

    4         14.2213          20.0000         0.000000 
________________________________________________________


Average Time Bus Transit at Stations (in minutes)

 sampst                         Number
variable                          of
 number       Average           values          Maximum          Minimum
________________________________________________________________________

    5         6.96810          109.000          10.6308          5.00000 

    6         5.48293          108.000          7.91663          5.00000 

    7         11.8643          108.000          13.9498          6.11252 
________________________________________________________________________


Bus Loop (From Car Rental to Car Rental again) Statistics (in minutes)

 sampst                         Number
variable                          of
 number       Average           values          Maximum          Minimum
________________________________________________________________________

    8         44.9054          108.000          48.9513          36.4084 
________________________________________________________________________


Duration people in the system by arrival station (in minutes)

 sampst                         Number
variable                          of
 number       Average           values          Maximum          Minimum
________________________________________________________________________

   12         57.7994          1120.00          130.926          24.9987 

   13         50.3207          804.000          139.883          12.9720 

   14         39.0294          1908.00          97.9935          5.36072 
________________________________________________________________________


